{
"contracts\\Poll.sol":{"l":{"32":114,"36":19,"37":18,"41":37,"43":37,"44":36,"45":35,"47":34,"48":99,"50":34,"51":34,"52":34,"56":50,"58":50,"59":49,"60":48,"61":47,"63":46,"65":45,"66":45,"67":45,"71":16,"73":16,"74":15,"75":14,"77":13,"78":13,"79":13,"81":13,"82":13,"83":13,"84":13,"88":8,"90":8,"91":7,"92":6,"93":5,"94":4,"96":3,"97":3,"101":2,"105":6,"109":1,"113":1,"117":1,"121":5,"125":13,"126":13,"127":13,"131":26,"132":26,"136":13,"137":13,"138":13,"140":13,"141":39,"142":39,"144":39,"145":15,"146":15,"150":13},"path":"C:\\learning\\solidity\\poll\\contracts\\Poll.sol","s":{"1":114,"2":19,"3":18,"4":37,"5":37,"6":36,"7":35,"8":34,"9":99,"10":34,"11":34,"12":34,"13":50,"14":50,"15":49,"16":48,"17":47,"18":46,"19":45,"20":45,"21":45,"22":16,"23":16,"24":15,"25":14,"26":13,"27":13,"28":13,"29":13,"30":13,"31":13,"32":13,"33":8,"34":8,"35":7,"36":6,"37":5,"38":4,"39":3,"40":3,"41":2,"42":6,"43":1,"44":1,"45":1,"46":5,"47":13,"48":13,"49":13,"50":26,"51":26,"52":13,"53":13,"54":13,"55":13,"56":39,"57":39,"58":39,"59":15,"60":15,"61":13},"b":{"1":[18,1],"2":[36,1],"3":[35,1],"4":[34,1],"5":[49,1],"6":[48,1],"7":[47,1],"8":[46,1],"9":[45,1],"10":[15,1],"11":[14,1],"12":[13,1],"13":[7,1],"14":[6,1],"15":[5,1],"16":[4,1],"17":[3,1],"18":[15,24]},"f":{"1":114,"2":19,"3":37,"4":50,"5":16,"6":8,"7":2,"8":6,"9":1,"10":1,"11":1,"12":5,"13":13,"14":26,"15":13},"fnMap":{"1":{"name":"constructor","line":31,"loc":{"start":{"line":31,"column":4},"end":{"line":33,"column":4}}},"2":{"name":"kill","line":35,"loc":{"start":{"line":35,"column":4},"end":{"line":38,"column":4}}},"3":{"name":"createPoll","line":40,"loc":{"start":{"line":40,"column":4},"end":{"line":53,"column":4}}},"4":{"name":"vote","line":55,"loc":{"start":{"line":55,"column":4},"end":{"line":68,"column":4}}},"5":{"name":"finish","line":70,"loc":{"start":{"line":70,"column":4},"end":{"line":85,"column":4}}},"6":{"name":"withdrawComission","line":87,"loc":{"start":{"line":87,"column":4},"end":{"line":98,"column":4}}},"7":{"name":"getPolls","line":100,"loc":{"start":{"line":100,"column":4},"end":{"line":102,"column":4}}},"8":{"name":"getPoll","line":104,"loc":{"start":{"line":104,"column":4},"end":{"line":106,"column":4}}},"9":{"name":"getPollCandidates","line":108,"loc":{"start":{"line":108,"column":4},"end":{"line":110,"column":4}}},"10":{"name":"getElectors","line":112,"loc":{"start":{"line":112,"column":4},"end":{"line":114,"column":4}}},"11":{"name":"getWinner","line":116,"loc":{"start":{"line":116,"column":4},"end":{"line":118,"column":4}}},"12":{"name":"getVotesForCandidate","line":120,"loc":{"start":{"line":120,"column":4},"end":{"line":122,"column":4}}},"13":{"name":"getPrize","line":124,"loc":{"start":{"line":124,"column":4},"end":{"line":128,"column":4}}},"14":{"name":"calcComission","line":130,"loc":{"start":{"line":130,"column":4},"end":{"line":133,"column":4}}},"15":{"name":"calcWinner","line":135,"loc":{"start":{"line":135,"column":4},"end":{"line":151,"column":4}}}},"statementMap":{"1":{"start":{"line":32,"column":8},"end":{"line":32,"column":26}},"2":{"start":{"line":36,"column":8},"end":{"line":36,"column":77}},"3":{"start":{"line":37,"column":8},"end":{"line":37,"column":36}},"4":{"start":{"line":41,"column":8},"end":{"line":41,"column":58}},"5":{"start":{"line":43,"column":8},"end":{"line":43,"column":68}},"6":{"start":{"line":44,"column":8},"end":{"line":44,"column":61}},"7":{"start":{"line":45,"column":8},"end":{"line":45,"column":62}},"8":{"start":{"line":47,"column":8},"end":{"line":47,"column":1408}},"9":{"start":{"line":48,"column":12},"end":{"line":48,"column":54}},"10":{"start":{"line":50,"column":8},"end":{"line":50,"column":49}},"11":{"start":{"line":51,"column":8},"end":{"line":51,"column":44}},"12":{"start":{"line":52,"column":8},"end":{"line":52,"column":31}},"13":{"start":{"line":56,"column":8},"end":{"line":56,"column":58}},"14":{"start":{"line":58,"column":8},"end":{"line":58,"column":63}},"15":{"start":{"line":59,"column":8},"end":{"line":59,"column":76}},"16":{"start":{"line":60,"column":8},"end":{"line":60,"column":87}},"17":{"start":{"line":61,"column":8},"end":{"line":61,"column":69}},"18":{"start":{"line":63,"column":8},"end":{"line":63,"column":107}},"19":{"start":{"line":65,"column":8},"end":{"line":65,"column":45}},"20":{"start":{"line":66,"column":8},"end":{"line":66,"column":51}},"21":{"start":{"line":67,"column":8},"end":{"line":67,"column":47}},"22":{"start":{"line":71,"column":8},"end":{"line":71,"column":58}},"23":{"start":{"line":73,"column":8},"end":{"line":73,"column":63}},"24":{"start":{"line":74,"column":8},"end":{"line":74,"column":76}},"25":{"start":{"line":75,"column":8},"end":{"line":75,"column":102}},"26":{"start":{"line":77,"column":8},"end":{"line":77,"column":40}},"27":{"start":{"line":78,"column":8},"end":{"line":78,"column":63}},"28":{"start":{"line":79,"column":8},"end":{"line":79,"column":31}},"29":{"start":{"line":81,"column":8},"end":{"line":81,"column":58}},"30":{"start":{"line":82,"column":8},"end":{"line":82,"column":37}},"31":{"start":{"line":83,"column":8},"end":{"line":83,"column":39}},"32":{"start":{"line":84,"column":8},"end":{"line":84,"column":40}},"33":{"start":{"line":88,"column":8},"end":{"line":88,"column":58}},"34":{"start":{"line":90,"column":8},"end":{"line":90,"column":68}},"35":{"start":{"line":91,"column":8},"end":{"line":91,"column":63}},"36":{"start":{"line":92,"column":8},"end":{"line":92,"column":71}},"37":{"start":{"line":93,"column":8},"end":{"line":93,"column":67}},"38":{"start":{"line":94,"column":8},"end":{"line":94,"column":97}},"39":{"start":{"line":96,"column":8},"end":{"line":96,"column":58}},"40":{"start":{"line":97,"column":8},"end":{"line":97,"column":51}},"41":{"start":{"line":101,"column":8},"end":{"line":101,"column":24}},"42":{"start":{"line":105,"column":8},"end":{"line":105,"column":36}},"43":{"start":{"line":109,"column":8},"end":{"line":109,"column":50}},"44":{"start":{"line":113,"column":8},"end":{"line":113,"column":48}},"45":{"start":{"line":117,"column":8},"end":{"line":117,"column":43}},"46":{"start":{"line":121,"column":8},"end":{"line":121,"column":48}},"47":{"start":{"line":125,"column":8},"end":{"line":125,"column":86}},"48":{"start":{"line":126,"column":8},"end":{"line":126,"column":49}},"49":{"start":{"line":127,"column":8},"end":{"line":127,"column":46}},"50":{"start":{"line":131,"column":8},"end":{"line":131,"column":87}},"51":{"start":{"line":132,"column":8},"end":{"line":132,"column":56}},"52":{"start":{"line":136,"column":8},"end":{"line":136,"column":22}},"53":{"start":{"line":137,"column":8},"end":{"line":137,"column":25}},"54":{"start":{"line":138,"column":8},"end":{"line":138,"column":58}},"55":{"start":{"line":140,"column":8},"end":{"line":140,"column":5364}},"56":{"start":{"line":141,"column":12},"end":{"line":141,"column":64}},"57":{"start":{"line":142,"column":12},"end":{"line":142,"column":61}},"58":{"start":{"line":144,"column":12},"end":{"line":144,"column":5578}},"59":{"start":{"line":145,"column":16},"end":{"line":145,"column":33}},"60":{"start":{"line":146,"column":16},"end":{"line":146,"column":40}},"61":{"start":{"line":150,"column":8},"end":{"line":150,"column":21}}},"branchMap":{"1":{"line":36,"type":"if","locations":[{"start":{"line":36,"column":8},"end":{"line":36,"column":8}},{"start":{"line":36,"column":8},"end":{"line":36,"column":8}}]},"2":{"line":43,"type":"if","locations":[{"start":{"line":43,"column":8},"end":{"line":43,"column":8}},{"start":{"line":43,"column":8},"end":{"line":43,"column":8}}]},"3":{"line":44,"type":"if","locations":[{"start":{"line":44,"column":8},"end":{"line":44,"column":8}},{"start":{"line":44,"column":8},"end":{"line":44,"column":8}}]},"4":{"line":45,"type":"if","locations":[{"start":{"line":45,"column":8},"end":{"line":45,"column":8}},{"start":{"line":45,"column":8},"end":{"line":45,"column":8}}]},"5":{"line":58,"type":"if","locations":[{"start":{"line":58,"column":8},"end":{"line":58,"column":8}},{"start":{"line":58,"column":8},"end":{"line":58,"column":8}}]},"6":{"line":59,"type":"if","locations":[{"start":{"line":59,"column":8},"end":{"line":59,"column":8}},{"start":{"line":59,"column":8},"end":{"line":59,"column":8}}]},"7":{"line":60,"type":"if","locations":[{"start":{"line":60,"column":8},"end":{"line":60,"column":8}},{"start":{"line":60,"column":8},"end":{"line":60,"column":8}}]},"8":{"line":61,"type":"if","locations":[{"start":{"line":61,"column":8},"end":{"line":61,"column":8}},{"start":{"line":61,"column":8},"end":{"line":61,"column":8}}]},"9":{"line":63,"type":"if","locations":[{"start":{"line":63,"column":8},"end":{"line":63,"column":8}},{"start":{"line":63,"column":8},"end":{"line":63,"column":8}}]},"10":{"line":73,"type":"if","locations":[{"start":{"line":73,"column":8},"end":{"line":73,"column":8}},{"start":{"line":73,"column":8},"end":{"line":73,"column":8}}]},"11":{"line":74,"type":"if","locations":[{"start":{"line":74,"column":8},"end":{"line":74,"column":8}},{"start":{"line":74,"column":8},"end":{"line":74,"column":8}}]},"12":{"line":75,"type":"if","locations":[{"start":{"line":75,"column":8},"end":{"line":75,"column":8}},{"start":{"line":75,"column":8},"end":{"line":75,"column":8}}]},"13":{"line":90,"type":"if","locations":[{"start":{"line":90,"column":8},"end":{"line":90,"column":8}},{"start":{"line":90,"column":8},"end":{"line":90,"column":8}}]},"14":{"line":91,"type":"if","locations":[{"start":{"line":91,"column":8},"end":{"line":91,"column":8}},{"start":{"line":91,"column":8},"end":{"line":91,"column":8}}]},"15":{"line":92,"type":"if","locations":[{"start":{"line":92,"column":8},"end":{"line":92,"column":8}},{"start":{"line":92,"column":8},"end":{"line":92,"column":8}}]},"16":{"line":93,"type":"if","locations":[{"start":{"line":93,"column":8},"end":{"line":93,"column":8}},{"start":{"line":93,"column":8},"end":{"line":93,"column":8}}]},"17":{"line":94,"type":"if","locations":[{"start":{"line":94,"column":8},"end":{"line":94,"column":8}},{"start":{"line":94,"column":8},"end":{"line":94,"column":8}}]},"18":{"line":144,"type":"if","locations":[{"start":{"line":144,"column":12},"end":{"line":144,"column":12}},{"start":{"line":144,"column":12},"end":{"line":144,"column":12}}]}}}}
