TN:
SF:C:\learning\solidity\poll\contracts\Poll.sol
FN:31,constructor
FN:35,kill
FN:40,createPoll
FN:55,vote
FN:70,finish
FN:87,withdrawComission
FN:100,getPolls
FN:104,getPoll
FN:108,getPollCandidates
FN:112,getElectors
FN:116,getWinner
FN:120,getVotesForCandidate
FN:124,getPrize
FN:130,calcComission
FN:135,calcWinner
FNF:15
FNH:15
FNDA:114,constructor
FNDA:19,kill
FNDA:37,createPoll
FNDA:50,vote
FNDA:16,finish
FNDA:8,withdrawComission
FNDA:2,getPolls
FNDA:6,getPoll
FNDA:1,getPollCandidates
FNDA:1,getElectors
FNDA:1,getWinner
FNDA:5,getVotesForCandidate
FNDA:13,getPrize
FNDA:26,calcComission
FNDA:13,calcWinner
DA:32,114
DA:36,19
DA:37,18
DA:41,37
DA:43,37
DA:44,36
DA:45,35
DA:47,34
DA:48,99
DA:50,34
DA:51,34
DA:52,34
DA:56,50
DA:58,50
DA:59,49
DA:60,48
DA:61,47
DA:63,46
DA:65,45
DA:66,45
DA:67,45
DA:71,16
DA:73,16
DA:74,15
DA:75,14
DA:77,13
DA:78,13
DA:79,13
DA:81,13
DA:82,13
DA:83,13
DA:84,13
DA:88,8
DA:90,8
DA:91,7
DA:92,6
DA:93,5
DA:94,4
DA:96,3
DA:97,3
DA:101,2
DA:105,6
DA:109,1
DA:113,1
DA:117,1
DA:121,5
DA:125,13
DA:126,13
DA:127,13
DA:131,26
DA:132,26
DA:136,13
DA:137,13
DA:138,13
DA:140,13
DA:141,39
DA:142,39
DA:144,39
DA:145,15
DA:146,15
DA:150,13
LF:61
LH:61
BRDA:36,1,0,18
BRDA:36,1,1,1
BRDA:43,2,0,36
BRDA:43,2,1,1
BRDA:44,3,0,35
BRDA:44,3,1,1
BRDA:45,4,0,34
BRDA:45,4,1,1
BRDA:58,5,0,49
BRDA:58,5,1,1
BRDA:59,6,0,48
BRDA:59,6,1,1
BRDA:60,7,0,47
BRDA:60,7,1,1
BRDA:61,8,0,46
BRDA:61,8,1,1
BRDA:63,9,0,45
BRDA:63,9,1,1
BRDA:73,10,0,15
BRDA:73,10,1,1
BRDA:74,11,0,14
BRDA:74,11,1,1
BRDA:75,12,0,13
BRDA:75,12,1,1
BRDA:90,13,0,7
BRDA:90,13,1,1
BRDA:91,14,0,6
BRDA:91,14,1,1
BRDA:92,15,0,5
BRDA:92,15,1,1
BRDA:93,16,0,4
BRDA:93,16,1,1
BRDA:94,17,0,3
BRDA:94,17,1,1
BRDA:144,18,0,15
BRDA:144,18,1,24
BRF:36
BRH:36
end_of_record
